# JRE version: OpenJDK Runtime Environment (8.0_152) (build 1.8.0_152-release-1343-b16-5323222)
# Java VM: OpenJDK 64-Bit Server VM (25.152-b16-5323222 mixed mode linux-amd64 compressed oops)
Heap:
 PSYoungGen      total 151552K, used 0K [0x00000000eab00000, 0x00000000f7580000, 0x0000000100000000)
  eden space 132608K, 0% used [0x00000000eab00000,0x00000000eab00000,0x00000000f2c80000)
  from space 18944K, 0% used [0x00000000f2c80000,0x00000000f2c80000,0x00000000f3f00000)
  to   space 18432K, 0% used [0x00000000f6380000,0x00000000f6380000,0x00000000f7580000)
 ParOldGen       total 56320K, used 35683K [0x00000000c0000000, 0x00000000c3700000, 0x00000000eab00000)
  object space 56320K, 63% used [0x00000000c0000000,0x00000000c22d8ce0,0x00000000c3700000)
 Metaspace       used 57029K, capacity 58988K, committed 59096K, reserved 1099776K
  class space    used 7550K, capacity 8035K, committed 8064K, reserved 1048576K
GC Heap History (10 events):
Event: 10.912 GC heap after
Heap after GC invocations=11 (full 2):
 PSYoungGen      total 105984K, used 0K [0x00000000eab00000, 0x00000000f4180000, 0x0000000100000000)
  eden space 94720K, 0% used [0x00000000eab00000,0x00000000eab00000,0x00000000f0780000)
  from space 11264K, 0% used [0x00000000f0780000,0x00000000f0780000,0x00000000f1280000)
  to   space 12288K, 0% used [0x00000000f3580000,0x00000000f3580000,0x00000000f4180000)
 ParOldGen       total 56320K, used 16338K [0x00000000c0000000, 0x00000000c3700000, 0x00000000eab00000)
  object space 56320K, 29% used [0x00000000c0000000,0x00000000c0ff4890,0x00000000c3700000)
 Metaspace       used 34316K, capacity 35124K, committed 35456K, reserved 1079296K
  class space    used 4588K, capacity 4864K, committed 4992K, reserved 1048576K
}
Event: 39.541 GC heap before
{Heap before GC invocations=12 (full 2):
 PSYoungGen      total 105984K, used 94720K [0x00000000eab00000, 0x00000000f4180000, 0x0000000100000000)
  eden space 94720K, 100% used [0x00000000eab00000,0x00000000f0780000,0x00000000f0780000)
  from space 11264K, 0% used [0x00000000f0780000,0x00000000f0780000,0x00000000f1280000)
  to   space 12288K, 0% used [0x00000000f3580000,0x00000000f3580000,0x00000000f4180000)
 ParOldGen       total 56320K, used 16338K [0x00000000c0000000, 0x00000000c3700000, 0x00000000eab00000)
  object space 56320K, 29% used [0x00000000c0000000,0x00000000c0ff4890,0x00000000c3700000)
 Metaspace       used 41027K, capacity 41968K, committed 42368K, reserved 1085440K
  class space    used 5366K, capacity 5666K, committed 5760K, reserved 1048576K
Event: 39.591 GC heap after
Heap after GC invocations=12 (full 2):
 PSYoungGen      total 120320K, used 6562K [0x00000000eab00000, 0x00000000f3c00000, 0x0000000100000000)
  eden space 113664K, 0% used [0x00000000eab00000,0x00000000eab00000,0x00000000f1a00000)
  from space 6656K, 98% used [0x00000000f3580000,0x00000000f3be89c0,0x00000000f3c00000)
  to   space 11776K, 0% used [0x00000000f2500000,0x00000000f2500000,0x00000000f3080000)
 ParOldGen       total 56320K, used 16346K [0x00000000c0000000, 0x00000000c3700000, 0x00000000eab00000)
  object space 56320K, 29% used [0x00000000c0000000,0x00000000c0ff6890,0x00000000c3700000)
 Metaspace       used 41027K, capacity 41968K, committed 42368K, reserved 1085440K
  class space    used 5366K, capacity 5666K, committed 5760K, reserved 1048576K
}
Event: 46.718 GC heap before
{Heap before GC invocations=13 (full 2):
 PSYoungGen      total 120320K, used 120226K [0x00000000eab00000, 0x00000000f3c00000, 0x0000000100000000)
  eden space 113664K, 100% used [0x00000000eab00000,0x00000000f1a00000,0x00000000f1a00000)
  from space 6656K, 98% used [0x00000000f3580000,0x00000000f3be89c0,0x00000000f3c00000)
  to   space 11776K, 0% used [0x00000000f2500000,0x00000000f2500000,0x00000000f3080000)
 ParOldGen       total 56320K, used 16346K [0x00000000c0000000, 0x00000000c3700000, 0x00000000eab00000)
  object space 56320K, 29% used [0x00000000c0000000,0x00000000c0ff6890,0x00000000c3700000)
 Metaspace       used 49789K, capacity 50886K, committed 51200K, reserved 1093632K
  class space    used 6513K, capacity 6796K, committed 6912K, reserved 1048576K
Event: 46.827 GC heap after
Heap after GC invocations=13 (full 2):
 PSYoungGen      total 136704K, used 11744K [0x00000000eab00000, 0x00000000f4d00000, 0x0000000100000000)
  eden space 124928K, 0% used [0x00000000eab00000,0x00000000eab00000,0x00000000f2500000)
  from space 11776K, 99% used [0x00000000f2500000,0x00000000f3078098,0x00000000f3080000)
  to   space 14336K, 0% used [0x00000000f3f00000,0x00000000f3f00000,0x00000000f4d00000)
 ParOldGen       total 56320K, used 18060K [0x00000000c0000000, 0x00000000c3700000, 0x00000000eab00000)
  object space 56320K, 32% used [0x00000000c0000000,0x00000000c11a3118,0x00000000c3700000)
 Metaspace       used 49789K, capacity 50886K, committed 51200K, reserved 1093632K
  class space    used 6513K, capacity 6796K, committed 6912K, reserved 1048576K
}
Event: 55.539 GC heap before
{Heap before GC invocations=14 (full 2):
 PSYoungGen      total 136704K, used 136672K [0x00000000eab00000, 0x00000000f4d00000, 0x0000000100000000)
  eden space 124928K, 100% used [0x00000000eab00000,0x00000000f2500000,0x00000000f2500000)
  from space 11776K, 99% used [0x00000000f2500000,0x00000000f3078098,0x00000000f3080000)
  to   space 14336K, 0% used [0x00000000f3f00000,0x00000000f3f00000,0x00000000f4d00000)
 ParOldGen       total 56320K, used 18060K [0x00000000c0000000, 0x00000000c3700000, 0x00000000eab00000)
  object space 56320K, 32% used [0x00000000c0000000,0x00000000c11a3118,0x00000000c3700000)
 Metaspace       used 55906K, capacity 57870K, committed 58112K, reserved 1099776K
  class space    used 7390K, capacity 7880K, committed 7936K, reserved 1048576K
Event: 55.654 GC heap after
Heap after GC invocations=14 (full 2):
 PSYoungGen      total 146944K, used 14323K [0x00000000eab00000, 0x00000000f6280000, 0x0000000100000000)
  eden space 132608K, 0% used [0x00000000eab00000,0x00000000eab00000,0x00000000f2c80000)
  from space 14336K, 99% used [0x00000000f3f00000,0x00000000f4cfcf40,0x00000000f4d00000)
  to   space 18944K, 0% used [0x00000000f2c80000,0x00000000f2c80000,0x00000000f3f00000)
 ParOldGen       total 56320K, used 24832K [0x00000000c0000000, 0x00000000c3700000, 0x00000000eab00000)
  object space 56320K, 44% used [0x00000000c0000000,0x00000000c1840310,0x00000000c3700000)
 Metaspace       used 55906K, capacity 57870K, committed 58112K, reserved 1099776K
  class space    used 7390K, capacity 7880K, committed 7936K, reserved 1048576K
}
Event: 57.625 GC heap before
{Heap before GC invocations=15 (full 2):
 PSYoungGen      total 146944K, used 55310K [0x00000000eab00000, 0x00000000f6280000, 0x0000000100000000)
  eden space 132608K, 30% used [0x00000000eab00000,0x00000000ed3069d8,0x00000000f2c80000)
  from space 14336K, 99% used [0x00000000f3f00000,0x00000000f4cfcf40,0x00000000f4d00000)
  to   space 18944K, 0% used [0x00000000f2c80000,0x00000000f2c80000,0x00000000f3f00000)
 ParOldGen       total 56320K, used 24832K [0x00000000c0000000, 0x00000000c3700000, 0x00000000eab00000)
  object space 56320K, 44% used [0x00000000c0000000,0x00000000c1840310,0x00000000c3700000)
 Metaspace       used 57029K, capacity 58988K, committed 59096K, reserved 1099776K
  class space    used 7550K, capacity 8035K, committed 8064K, reserved 1048576K
Event: 57.753 GC heap after
Heap after GC invocations=15 (full 2):
 PSYoungGen      total 151552K, used 3911K [0x00000000eab00000, 0x00000000f7580000, 0x0000000100000000)
  eden space 132608K, 0% used [0x00000000eab00000,0x00000000eab00000,0x00000000f2c80000)
  from space 18944K, 20% used [0x00000000f2c80000,0x00000000f3051e70,0x00000000f3f00000)
  to   space 18432K, 0% used [0x00000000f6380000,0x00000000f6380000,0x00000000f7580000)
 ParOldGen       total 56320K, used 39109K [0x00000000c0000000, 0x00000000c3700000, 0x00000000eab00000)
  object space 56320K, 69% used [0x00000000c0000000,0x00000000c2631458,0x00000000c3700000)
 Metaspace       used 57029K, capacity 58988K, committed 59096K, reserved 1099776K
  class space    used 7550K, capacity 8035K, committed 8064K, reserved 1048576K
}
Event: 57.753 GC heap before
{Heap before GC invocations=16 (full 3):
 PSYoungGen      total 151552K, used 3911K [0x00000000eab00000, 0x00000000f7580000, 0x0000000100000000)
  eden space 132608K, 0% used [0x00000000eab00000,0x00000000eab00000,0x00000000f2c80000)
  from space 18944K, 20% used [0x00000000f2c80000,0x00000000f3051e70,0x00000000f3f00000)
  to   space 18432K, 0% used [0x00000000f6380000,0x00000000f6380000,0x00000000f7580000)
 ParOldGen       total 56320K, used 39109K [0x00000000c0000000, 0x00000000c3700000, 0x00000000eab00000)
  object space 56320K, 69% used [0x00000000c0000000,0x00000000c2631458,0x00000000c3700000)
 Metaspace       used 57029K, capacity 58988K, committed 59096K, reserved 1099776K
  class space    used 7550K, capacity 8035K, committed 8064K, reserved 1048576K

